<?xml version="1.0" encoding="UTF-8"?>
<!-- Generated by org.testng.reporters.JUnitReportReporter -->
<testsuite hostname="LAPTOP-BGTFKA09" failures="0" tests="5" name="testScripts.LoginTest" time="22.123" errors="0" timestamp="2025-10-16T21:01:52 IST" skipped="0">
  <testcase classname="testScripts.LoginTest" name="verifyLoginWithValidCredentials" time="5.216"/>
  <testcase classname="testScripts.LoginTest" name="verifyLoginWithValidUsernameInvalidPassword" time="5.237"/>
  <testcase classname="testScripts.LoginTest" name="verifyLoginWithInvalidUsernameValidPassword" time="3.543"/>
  <testcase classname="testScripts.LoginTest" name="verifyLoginWithInvalidCredentials" time="4.441"/>
  <testcase classname="testScripts.LoginTest" name="verifyLoginWithInvalidCredentials" time="3.686"/>
</testsuite> <!-- testScripts.LoginTest -->
