<?xml version="1.0" encoding="UTF-8"?>
<!-- Generated by org.testng.reporters.JUnitReportReporter -->
<testsuite hostname="LAPTOP-BGTFKA09" failures="0" tests="1" name="testScripts.ManageNewsTest" time="10.186" errors="0" timestamp="2025-10-07T19:12:22 IST" skipped="0">
  <testcase classname="testScripts.ManageNewsTest" name="verifyAddNewsFunctionality" time="10.186"/>
</testsuite> <!-- testScripts.ManageNewsTest -->
