<?xml version="1.0" encoding="UTF-8"?>
<!-- Generated by org.testng.reporters.JUnitReportReporter -->
<testsuite hostname="LAPTOP-BGTFKA09" failures="0" tests="1" name="testScripts.AdminTest" time="9.666" errors="0" timestamp="2025-10-08T14:32:44 IST" skipped="0">
  <testcase classname="testScripts.AdminTest" name="verifySearchFunctionality" time="9.666"/>
</testsuite> <!-- testScripts.AdminTest -->
