<?xml version="1.0" encoding="UTF-8"?>
<!-- Generated by org.testng.reporters.JUnitReportReporter -->
<testsuite hostname="LAPTOP-BGTFKA09" failures="0" tests="1" name="testScripts.HomeTest" time="5.886" errors="0" timestamp="2025-10-10T19:55:18 IST" skipped="0">
  <testcase classname="testScripts.HomeTest" name="verifyLogoutFunctionality" time="5.886"/>
</testsuite> <!-- testScripts.HomeTest -->
