<?xml version="1.0" encoding="UTF-8"?>
<!-- Generated by org.testng.reporters.JUnitReportReporter -->
<testsuite hostname="LAPTOP-BGTFKA09" failures="0" tests="1" name="testScripts.AdminTest" time="4.805" errors="0" timestamp="2025-10-06T13:31:03 IST" skipped="0">
  <testcase classname="testScripts.AdminTest" name="verifyResetFunctionality" time="4.805"/>
</testsuite> <!-- testScripts.AdminTest -->
