<?xml version="1.0" encoding="UTF-8"?>
<!-- Generated by org.testng.reporters.JUnitReportReporter -->
<testsuite hostname="LAPTOP-BGTFKA09" failures="0" tests="1" name="testScripts.HomeTest" time="9.215" errors="0" timestamp="2025-10-15T19:08:46 IST" skipped="0">
  <testcase classname="testScripts.HomeTest" name="verifyLogoutFunctionality" time="9.215"/>
</testsuite> <!-- testScripts.HomeTest -->
