<?xml version="1.0" encoding="UTF-8"?>
<!-- Generated by org.testng.reporters.JUnitReportReporter -->
<testsuite hostname="LAPTOP-BGTFKA09" failures="0" tests="3" name="testScripts.AdminTest" time="25.655" errors="0" timestamp="2025-10-15T22:42:45 IST" skipped="0">
  <testcase classname="testScripts.AdminTest" name="verifyResetFunctionality" time="6.033"/>
  <testcase classname="testScripts.AdminTest" name="verifySearchFunctionality" time="7.534"/>
  <testcase classname="testScripts.AdminTest" name="verifyNewButtonFunctionality" time="12.088"/>
</testsuite> <!-- testScripts.AdminTest -->
