<?xml version="1.0" encoding="UTF-8"?>
<!-- Generated by org.testng.reporters.JUnitReportReporter -->
<testsuite hostname="LAPTOP-BGTFKA09" failures="0" tests="1" name="testScripts.LoginTest" time="7.030" errors="0" timestamp="2025-09-30T19:29:31 IST" skipped="0">
  <testcase classname="testScripts.LoginTest" name="verifyLoginWithInvalidCredentials" time="7.030"/>
</testsuite> <!-- testScripts.LoginTest -->
