<?xml version="1.0" encoding="UTF-8"?>
<!-- Generated by org.testng.reporters.JUnitReportReporter -->
<testsuite hostname="LAPTOP-BGTFKA09" failures="0" tests="2" name="testScripts.ManageNewsTest" time="25.860" errors="0" timestamp="2025-10-16T20:59:14 IST" skipped="0">
  <testcase classname="testScripts.ManageNewsTest" name="verifyAddNewsFunctionality" time="14.731"/>
  <testcase classname="testScripts.ManageNewsTest" name="verifyNewsSearchInManageNewsList" time="11.129"/>
</testsuite> <!-- testScripts.ManageNewsTest -->
