<?xml version="1.0" encoding="UTF-8"?>
<!-- Generated by org.testng.reporters.JUnitReportReporter -->
<testsuite hostname="LAPTOP-BGTFKA09" failures="0" tests="1" name="testScripts.ManageNewsTest" time="8.579" errors="0" timestamp="2025-10-15T23:09:55 IST" skipped="0">
  <testcase classname="testScripts.ManageNewsTest" name="verifyNewsSearchInManageNewsList" time="8.579"/>
</testsuite> <!-- testScripts.ManageNewsTest -->
