<?xml version="1.0" encoding="UTF-8"?>
<!-- Generated by org.testng.reporters.JUnitReportReporter -->
<testsuite hostname="LAPTOP-BGTFKA09" failures="0" tests="1" name="testScripts.HomeTest" time="6.121" errors="0" timestamp="2025-10-03T16:11:04 IST" skipped="0">
  <testcase classname="testScripts.HomeTest" name="verifyLogoutFunctionality" time="6.121"/>
</testsuite> <!-- testScripts.HomeTest -->
