<?xml version="1.0" encoding="UTF-8"?>
<!-- Generated by org.testng.reporters.JUnitReportReporter -->
<testsuite hostname="LAPTOP-BGTFKA09" failures="0" tests="5" name="testScripts.LoginTest" time="41.496" errors="0" timestamp="2025-10-16T14:35:00 IST" skipped="0">
  <testcase classname="testScripts.LoginTest" name="verifyLoginWithValidCredentials" time="12.137"/>
  <testcase classname="testScripts.LoginTest" name="verifyLoginWithValidUsernameInvalidPassword" time="7.300"/>
  <testcase classname="testScripts.LoginTest" name="verifyLoginWithInvalidUsernameValidPassword" time="6.935"/>
  <testcase classname="testScripts.LoginTest" name="verifyLoginWithInvalidCredentials" time="7.965"/>
  <testcase classname="testScripts.LoginTest" name="verifyLoginWithInvalidCredentials" time="7.159"/>
</testsuite> <!-- testScripts.LoginTest -->
